Detecting C compiler ABI info failed to compile with the following output:
Change Dir: D:/CRroot/documents/codeproject/CppExercise/build-CppNewStarter-Desktop_Qt_6_0_0_MinGW_64_bit-Debug/CMakeFiles/CMakeTmp

Run Build Command(s):nmake /nologo cmTC_e356f\fast && 系统找不到指定的文件。
Generator: execution of make failed. Make command was: nmake /nologo cmTC_e356f\fast && 



Determining if the C compiler works failed with the following output:
Change Dir: D:/CRroot/documents/codeproject/CppExercise/build-CppNewStarter-Desktop_Qt_6_0_0_MinGW_64_bit-Debug/CMakeFiles/CMakeTmp

Run Build Command(s):nmake /nologo cmTC_df421\fast && 系统找不到指定的文件。
Generator: execution of make failed. Make command was: nmake /nologo cmTC_df421\fast && 


Detecting C compiler ABI info failed to compile with the following output:
Change Dir: D:/CRroot/documents/codeproject/CppExercise/build-CppNewStarter-Desktop_Qt_6_0_0_MinGW_64_bit-Debug/CMakeFiles/CMakeTmp

Run Build Command(s):nmake /nologo cmTC_c1caa\fast && 系统找不到指定的文件。
Generator: execution of make failed. Make command was: nmake /nologo cmTC_c1caa\fast && 



Determining if the C compiler works failed with the following output:
Change Dir: D:/CRroot/documents/codeproject/CppExercise/build-CppNewStarter-Desktop_Qt_6_0_0_MinGW_64_bit-Debug/CMakeFiles/CMakeTmp

Run Build Command(s):nmake /nologo cmTC_f0cc5\fast && 系统找不到指定的文件。
Generator: execution of make failed. Make command was: nmake /nologo cmTC_f0cc5\fast && 


Detecting CXX compiler ABI info failed to compile with the following output:
Change Dir: D:/CRroot/documents/codeproject/CppExercise/build-CppNewStarter-Desktop_Qt_6_0_0_MinGW_64_bit-Debug/CMakeFiles/CMakeTmp

Run Build Command(s):nmake /nologo cmTC_99017\fast && 系统找不到指定的文件。
Generator: execution of make failed. Make command was: nmake /nologo cmTC_99017\fast && 



Determining if the CXX compiler works failed with the following output:
Change Dir: D:/CRroot/documents/codeproject/CppExercise/build-CppNewStarter-Desktop_Qt_6_0_0_MinGW_64_bit-Debug/CMakeFiles/CMakeTmp

Run Build Command(s):nmake /nologo cmTC_84c20\fast && 系统找不到指定的文件。
Generator: execution of make failed. Make command was: nmake /nologo cmTC_84c20\fast && 


Detecting CXX compiler ABI info failed to compile with the following output:
Change Dir: D:/CRroot/documents/codeproject/CppExercise/build-CppNewStarter-Desktop_Qt_6_0_0_MinGW_64_bit-Debug/CMakeFiles/CMakeTmp

Run Build Command(s):nmake /nologo cmTC_c4513\fast && 系统找不到指定的文件。
Generator: execution of make failed. Make command was: nmake /nologo cmTC_c4513\fast && 



Determining if the CXX compiler works failed with the following output:
Change Dir: D:/CRroot/documents/codeproject/CppExercise/build-CppNewStarter-Desktop_Qt_6_0_0_MinGW_64_bit-Debug/CMakeFiles/CMakeTmp

Run Build Command(s):nmake /nologo cmTC_98f3b\fast && 系统找不到指定的文件。
Generator: execution of make failed. Make command was: nmake /nologo cmTC_98f3b\fast && 


Detecting CXX compiler ABI info failed to compile with the following output:
Change Dir: D:/CRroot/documents/codeproject/CppExercise/build-CppNewStarter-Desktop_Qt_6_0_0_MinGW_64_bit-Debug/CMakeFiles/CMakeTmp

Run Build Command(s):nmake /nologo cmTC_26d69\fast && 系统找不到指定的文件。
Generator: execution of make failed. Make command was: nmake /nologo cmTC_26d69\fast && 



Determining if the CXX compiler works failed with the following output:
Change Dir: D:/CRroot/documents/codeproject/CppExercise/build-CppNewStarter-Desktop_Qt_6_0_0_MinGW_64_bit-Debug/CMakeFiles/CMakeTmp

Run Build Command(s):nmake /nologo cmTC_43a5a\fast && 系统找不到指定的文件。
Generator: execution of make failed. Make command was: nmake /nologo cmTC_43a5a\fast && 


