The system is: Windows - 10.0.19041 - AMD64
Compiling the C compiler identification source file "CMakeCCompilerId.c" succeeded.
Compiler: D:/softwares/QT/Tools/mingw810_64/bin/gcc.exe 
Build flags: 
Id flags:  

The output was:
0


Compilation of the C compiler identification source "CMakeCCompilerId.c" produced "a.exe"

The C compiler identification is GNU, found in "D:/CRroot/documents/codeproject/CppExercise/build-CppNewStarter-Desktop_Qt_6_0_0_MinGW_64_bit-Debug/CMakeFiles/3.19.2/CompilerIdC/a.exe"

Compiling the CXX compiler identification source file "CMakeCXXCompilerId.cpp" succeeded.
Compiler: D:/softwares/QT/Tools/mingw810_64/bin/g++.exe 
Build flags: 
Id flags:  

The output was:
0


Compilation of the CXX compiler identification source "CMakeCXXCompilerId.cpp" produced "a.exe"

The CXX compiler identification is GNU, found in "D:/CRroot/documents/codeproject/CppExercise/build-CppNewStarter-Desktop_Qt_6_0_0_MinGW_64_bit-Debug/CMakeFiles/3.19.2/CompilerIdCXX/a.exe"

Compiling the C compiler identification source file "CMakeCCompilerId.c" succeeded.
Compiler: D:/softwares/QT/Tools/mingw810_64/bin/gcc.exe 
Build flags: 
Id flags:  

The output was:
0


Compilation of the C compiler identification source "CMakeCCompilerId.c" produced "a.exe"

The C compiler identification is GNU, found in "D:/CRroot/documents/codeproject/CppExercise/build-CppNewStarter-Desktop_Qt_6_0_0_MinGW_64_bit-Debug/CMakeFiles/3.19.2/CompilerIdC/a.exe"

Compiling the CXX compiler identification source file "CMakeCXXCompilerId.cpp" succeeded.
Compiler: D:/softwares/QT/Tools/mingw810_64/bin/g++.exe 
Build flags: 
Id flags:  

The output was:
0


Compilation of the CXX compiler identification source "CMakeCXXCompilerId.cpp" produced "a.exe"

The CXX compiler identification is GNU, found in "D:/CRroot/documents/codeproject/CppExercise/build-CppNewStarter-Desktop_Qt_6_0_0_MinGW_64_bit-Debug/CMakeFiles/3.19.2/CompilerIdCXX/a.exe"

Compiling the CXX compiler identification source file "CMakeCXXCompilerId.cpp" succeeded.
Compiler: D:/softwares/QT/Tools/mingw810_64/bin/g++.exe 
Build flags: 
Id flags:  

The output was:
0


Compilation of the CXX compiler identification source "CMakeCXXCompilerId.cpp" produced "a.exe"

The CXX compiler identification is GNU, found in "D:/CRroot/documents/codeproject/CppExercise/build-CppNewStarter-Desktop_Qt_6_0_0_MinGW_64_bit-Debug/CMakeFiles/3.19.2/CompilerIdCXX/a.exe"

Compiling the CXX compiler identification source file "CMakeCXXCompilerId.cpp" succeeded.
Compiler: D:/softwares/QT/Tools/mingw810_64/bin/g++.exe 
Build flags: 
Id flags:  

The output was:
0


Compilation of the CXX compiler identification source "CMakeCXXCompilerId.cpp" produced "a.exe"

The CXX compiler identification is GNU, found in "D:/CRroot/documents/codeproject/CppExercise/build-CppNewStarter-Desktop_Qt_6_0_0_MinGW_64_bit-Debug/CMakeFiles/3.19.2/CompilerIdCXX/a.exe"

Compiling the CXX compiler identification source file "CMakeCXXCompilerId.cpp" succeeded.
Compiler: D:/softwares/QT/Tools/mingw810_64/bin/g++.exe 
Build flags: 
Id flags:  

The output was:
0


Compilation of the CXX compiler identification source "CMakeCXXCompilerId.cpp" produced "a.exe"

The CXX compiler identification is GNU, found in "D:/CRroot/documents/codeproject/CppExercise/build-CppNewStarter-Desktop_Qt_6_0_0_MinGW_64_bit-Debug/CMakeFiles/3.19.2/CompilerIdCXX/a.exe"

